Analysis & Synthesis report for Calculadora
Thu Dec 06 10:46:57 2018
Quartus II 64-Bit Version 13.0.1 Build 232 06/12/2013 Service Pack 1 SJ Web Edition


---------------------
; Table of Contents ;
---------------------
  1. Legal Notice
  2. Analysis & Synthesis Summary
  3. Analysis & Synthesis Settings
  4. Parallel Compilation
  5. Parameter Settings for User Entity Instance: Comp2ToBin:inst41|ULA:ulatobin|MUX:inst22
  6. Parameter Settings for User Entity Instance: Comp2ToBin:inst41|ULA:ulatobin|MUX:inst20
  7. Parameter Settings for User Entity Instance: Comp2ToBin:inst41|ULA:ulatobin|MUX:inst18
  8. Parameter Settings for User Entity Instance: Comp2ToBin:inst41|ULA:ulatobin|MUX:inst16
  9. Parameter Settings for User Entity Instance: Comp2ToBin:inst41|ULA:ulatobin|MUX:inst14
 10. Parameter Settings for User Entity Instance: Comp2ToBin:inst41|ULA:ulatobin|MUX:inst12
 11. Parameter Settings for User Entity Instance: Comp2ToBin:inst41|ULA:ulatobin|MUX:inst10
 12. Parameter Settings for User Entity Instance: Comp2ToBin:inst41|ULA:ulatobin|MUX:inst1
 13. Parameter Settings for User Entity Instance: ULA:ULA|MUX:inst22
 14. Parameter Settings for User Entity Instance: ULA:ULA|MUX:inst20
 15. Parameter Settings for User Entity Instance: ULA:ULA|MUX:inst18
 16. Parameter Settings for User Entity Instance: ULA:ULA|MUX:inst16
 17. Parameter Settings for User Entity Instance: ULA:ULA|MUX:inst14
 18. Parameter Settings for User Entity Instance: ULA:ULA|MUX:inst12
 19. Parameter Settings for User Entity Instance: ULA:ULA|MUX:inst10
 20. Parameter Settings for User Entity Instance: ULA:ULA|MUX:inst1
 21. Port Connectivity Checks: "teclado:inst16|controlador:U0|Debouncer:d3"
 22. Port Connectivity Checks: "teclado:inst16|controlador:U0|Debouncer:d2"
 23. Port Connectivity Checks: "teclado:inst16|controlador:U0|Debouncer:d1"
 24. Port Connectivity Checks: "teclado:inst16|controlador:U0|Debouncer:d0"
 25. Analysis & Synthesis Messages



----------------
; Legal Notice ;
----------------
Copyright (C) 1991-2013 Altera Corporation
Your use of Altera Corporation's design tools, logic functions 
and other software and tools, and its AMPP partner logic 
functions, and any output files from any of the foregoing 
(including device programming or simulation files), and any 
associated documentation or information are expressly subject 
to the terms and conditions of the Altera Program License 
Subscription Agreement, Altera MegaCore Function License 
Agreement, or other applicable license agreement, including, 
without limitation, that your use is for the sole purpose of 
programming logic devices manufactured by Altera and sold by 
Altera or its authorized distributors.  Please refer to the 
applicable agreement for further details.



+--------------------------------------------------------------------------------------+
; Analysis & Synthesis Summary                                                         ;
+------------------------------------+-------------------------------------------------+
; Analysis & Synthesis Status        ; Failed - Thu Dec 06 10:46:56 2018               ;
; Quartus II 64-Bit Version          ; 13.0.1 Build 232 06/12/2013 SP 1 SJ Web Edition ;
; Revision Name                      ; Calculadora                                     ;
; Top-level Entity Name              ; Calculadore                                     ;
; Family                             ; Cyclone II                                      ;
; Total logic elements               ; N/A until Partition Merge                       ;
;     Total combinational functions  ; N/A until Partition Merge                       ;
;     Dedicated logic registers      ; N/A until Partition Merge                       ;
; Total registers                    ; N/A until Partition Merge                       ;
; Total pins                         ; N/A until Partition Merge                       ;
; Total virtual pins                 ; N/A until Partition Merge                       ;
; Total memory bits                  ; N/A until Partition Merge                       ;
; Embedded Multiplier 9-bit elements ; N/A until Partition Merge                       ;
; Total PLLs                         ; N/A until Partition Merge                       ;
+------------------------------------+-------------------------------------------------+


+----------------------------------------------------------------------------------------------------------------------+
; Analysis & Synthesis Settings                                                                                        ;
+----------------------------------------------------------------------------+--------------------+--------------------+
; Option                                                                     ; Setting            ; Default Value      ;
+----------------------------------------------------------------------------+--------------------+--------------------+
; Device                                                                     ; EP2C35F672C6       ;                    ;
; Top-level entity name                                                      ; Calculadore        ; Calculadora        ;
; Family name                                                                ; Cyclone II         ; Cyclone IV GX      ;
; Verilog Show LMF Mapping Messages                                          ; Off                ;                    ;
; Verilog Version                                                            ; SystemVerilog_2005 ; Verilog_2001       ;
; Use smart compilation                                                      ; Off                ; Off                ;
; Enable parallel Assembler and TimeQuest Timing Analyzer during compilation ; On                 ; On                 ;
; Enable compact report table                                                ; Off                ; Off                ;
; Restructure Multiplexers                                                   ; Auto               ; Auto               ;
; Create Debugging Nodes for IP Cores                                        ; Off                ; Off                ;
; Preserve fewer node names                                                  ; On                 ; On                 ;
; Disable OpenCore Plus hardware evaluation                                  ; Off                ; Off                ;
; VHDL Version                                                               ; VHDL_1993          ; VHDL_1993          ;
; State Machine Processing                                                   ; Auto               ; Auto               ;
; Safe State Machine                                                         ; Off                ; Off                ;
; Extract Verilog State Machines                                             ; On                 ; On                 ;
; Extract VHDL State Machines                                                ; On                 ; On                 ;
; Ignore Verilog initial constructs                                          ; Off                ; Off                ;
; Iteration limit for constant Verilog loops                                 ; 5000               ; 5000               ;
; Iteration limit for non-constant Verilog loops                             ; 250                ; 250                ;
; Add Pass-Through Logic to Inferred RAMs                                    ; On                 ; On                 ;
; Infer RAMs from Raw Logic                                                  ; On                 ; On                 ;
; Parallel Synthesis                                                         ; On                 ; On                 ;
; DSP Block Balancing                                                        ; Auto               ; Auto               ;
; NOT Gate Push-Back                                                         ; On                 ; On                 ;
; Power-Up Don't Care                                                        ; On                 ; On                 ;
; Remove Redundant Logic Cells                                               ; Off                ; Off                ;
; Remove Duplicate Registers                                                 ; On                 ; On                 ;
; Ignore CARRY Buffers                                                       ; Off                ; Off                ;
; Ignore CASCADE Buffers                                                     ; Off                ; Off                ;
; Ignore GLOBAL Buffers                                                      ; Off                ; Off                ;
; Ignore ROW GLOBAL Buffers                                                  ; Off                ; Off                ;
; Ignore LCELL Buffers                                                       ; Off                ; Off                ;
; Ignore SOFT Buffers                                                        ; On                 ; On                 ;
; Limit AHDL Integers to 32 Bits                                             ; Off                ; Off                ;
; Optimization Technique                                                     ; Balanced           ; Balanced           ;
; Carry Chain Length                                                         ; 70                 ; 70                 ;
; Auto Carry Chains                                                          ; On                 ; On                 ;
; Auto Open-Drain Pins                                                       ; On                 ; On                 ;
; Perform WYSIWYG Primitive Resynthesis                                      ; Off                ; Off                ;
; Auto ROM Replacement                                                       ; On                 ; On                 ;
; Auto RAM Replacement                                                       ; On                 ; On                 ;
; Auto Shift Register Replacement                                            ; Auto               ; Auto               ;
; Allow Shift Register Merging across Hierarchies                            ; Auto               ; Auto               ;
; Auto Clock Enable Replacement                                              ; On                 ; On                 ;
; Strict RAM Replacement                                                     ; Off                ; Off                ;
; Allow Synchronous Control Signals                                          ; On                 ; On                 ;
; Force Use of Synchronous Clear Signals                                     ; Off                ; Off                ;
; Auto RAM to Logic Cell Conversion                                          ; Off                ; Off                ;
; Auto Resource Sharing                                                      ; Off                ; Off                ;
; Allow Any RAM Size For Recognition                                         ; Off                ; Off                ;
; Allow Any ROM Size For Recognition                                         ; Off                ; Off                ;
; Allow Any Shift Register Size For Recognition                              ; Off                ; Off                ;
; Use LogicLock Constraints during Resource Balancing                        ; On                 ; On                 ;
; Ignore translate_off and synthesis_off directives                          ; Off                ; Off                ;
; Timing-Driven Synthesis                                                    ; Off                ; Off                ;
; Report Parameter Settings                                                  ; On                 ; On                 ;
; Report Source Assignments                                                  ; On                 ; On                 ;
; Report Connectivity Checks                                                 ; On                 ; On                 ;
; Ignore Maximum Fan-Out Assignments                                         ; Off                ; Off                ;
; Synchronization Register Chain Length                                      ; 2                  ; 2                  ;
; PowerPlay Power Optimization                                               ; Normal compilation ; Normal compilation ;
; HDL message level                                                          ; Level2             ; Level2             ;
; Suppress Register Optimization Related Messages                            ; Off                ; Off                ;
; Number of Removed Registers Reported in Synthesis Report                   ; 5000               ; 5000               ;
; Number of Swept Nodes Reported in Synthesis Report                         ; 5000               ; 5000               ;
; Number of Inverted Registers Reported in Synthesis Report                  ; 100                ; 100                ;
; Clock MUX Protection                                                       ; On                 ; On                 ;
; Auto Gated Clock Conversion                                                ; Off                ; Off                ;
; Block Design Naming                                                        ; Auto               ; Auto               ;
; SDC constraint protection                                                  ; Off                ; Off                ;
; Synthesis Effort                                                           ; Auto               ; Auto               ;
; Shift Register Replacement - Allow Asynchronous Clear Signal               ; On                 ; On                 ;
; Pre-Mapping Resynthesis Optimization                                       ; Off                ; Off                ;
; Analysis & Synthesis Message Level                                         ; Medium             ; Medium             ;
; Disable Register Merging Across Hierarchies                                ; Auto               ; Auto               ;
; Resource Aware Inference For Block RAM                                     ; On                 ; On                 ;
; Synthesis Seed                                                             ; 1                  ; 1                  ;
+----------------------------------------------------------------------------+--------------------+--------------------+


Parallel compilation was disabled, but you have multiple processors available. Enable parallel compilation to reduce compilation time.
+-------------------------------------+
; Parallel Compilation                ;
+----------------------------+--------+
; Processors                 ; Number ;
+----------------------------+--------+
; Number detected on machine ; 4      ;
; Maximum allowed            ; 1      ;
+----------------------------+--------+


+----------------------------------------------------------------------------------------+
; Parameter Settings for User Entity Instance: Comp2ToBin:inst41|ULA:ulatobin|MUX:inst22 ;
+----------------+-------+---------------------------------------------------------------+
; Parameter Name ; Value ; Type                                                          ;
+----------------+-------+---------------------------------------------------------------+
; WIDTH          ; 2     ; Untyped                                                       ;
; WIDTHS         ; 1     ; Untyped                                                       ;
+----------------+-------+---------------------------------------------------------------+
Note: In order to hide this table in the UI and the text report file, please set the "Show Parameter Settings in Synthesis Report" option in "Analysis and Synthesis Settings -> More Settings" to "Off".


+----------------------------------------------------------------------------------------+
; Parameter Settings for User Entity Instance: Comp2ToBin:inst41|ULA:ulatobin|MUX:inst20 ;
+----------------+-------+---------------------------------------------------------------+
; Parameter Name ; Value ; Type                                                          ;
+----------------+-------+---------------------------------------------------------------+
; WIDTH          ; 2     ; Untyped                                                       ;
; WIDTHS         ; 1     ; Untyped                                                       ;
+----------------+-------+---------------------------------------------------------------+
Note: In order to hide this table in the UI and the text report file, please set the "Show Parameter Settings in Synthesis Report" option in "Analysis and Synthesis Settings -> More Settings" to "Off".


+----------------------------------------------------------------------------------------+
; Parameter Settings for User Entity Instance: Comp2ToBin:inst41|ULA:ulatobin|MUX:inst18 ;
+----------------+-------+---------------------------------------------------------------+
; Parameter Name ; Value ; Type                                                          ;
+----------------+-------+---------------------------------------------------------------+
; WIDTH          ; 2     ; Untyped                                                       ;
; WIDTHS         ; 1     ; Untyped                                                       ;
+----------------+-------+---------------------------------------------------------------+
Note: In order to hide this table in the UI and the text report file, please set the "Show Parameter Settings in Synthesis Report" option in "Analysis and Synthesis Settings -> More Settings" to "Off".


+----------------------------------------------------------------------------------------+
; Parameter Settings for User Entity Instance: Comp2ToBin:inst41|ULA:ulatobin|MUX:inst16 ;
+----------------+-------+---------------------------------------------------------------+
; Parameter Name ; Value ; Type                                                          ;
+----------------+-------+---------------------------------------------------------------+
; WIDTH          ; 2     ; Untyped                                                       ;
; WIDTHS         ; 1     ; Untyped                                                       ;
+----------------+-------+---------------------------------------------------------------+
Note: In order to hide this table in the UI and the text report file, please set the "Show Parameter Settings in Synthesis Report" option in "Analysis and Synthesis Settings -> More Settings" to "Off".


+----------------------------------------------------------------------------------------+
; Parameter Settings for User Entity Instance: Comp2ToBin:inst41|ULA:ulatobin|MUX:inst14 ;
+----------------+-------+---------------------------------------------------------------+
; Parameter Name ; Value ; Type                                                          ;
+----------------+-------+---------------------------------------------------------------+
; WIDTH          ; 2     ; Untyped                                                       ;
; WIDTHS         ; 1     ; Untyped                                                       ;
+----------------+-------+---------------------------------------------------------------+
Note: In order to hide this table in the UI and the text report file, please set the "Show Parameter Settings in Synthesis Report" option in "Analysis and Synthesis Settings -> More Settings" to "Off".


+----------------------------------------------------------------------------------------+
; Parameter Settings for User Entity Instance: Comp2ToBin:inst41|ULA:ulatobin|MUX:inst12 ;
+----------------+-------+---------------------------------------------------------------+
; Parameter Name ; Value ; Type                                                          ;
+----------------+-------+---------------------------------------------------------------+
; WIDTH          ; 2     ; Untyped                                                       ;
; WIDTHS         ; 1     ; Untyped                                                       ;
+----------------+-------+---------------------------------------------------------------+
Note: In order to hide this table in the UI and the text report file, please set the "Show Parameter Settings in Synthesis Report" option in "Analysis and Synthesis Settings -> More Settings" to "Off".


+----------------------------------------------------------------------------------------+
; Parameter Settings for User Entity Instance: Comp2ToBin:inst41|ULA:ulatobin|MUX:inst10 ;
+----------------+-------+---------------------------------------------------------------+
; Parameter Name ; Value ; Type                                                          ;
+----------------+-------+---------------------------------------------------------------+
; WIDTH          ; 2     ; Untyped                                                       ;
; WIDTHS         ; 1     ; Untyped                                                       ;
+----------------+-------+---------------------------------------------------------------+
Note: In order to hide this table in the UI and the text report file, please set the "Show Parameter Settings in Synthesis Report" option in "Analysis and Synthesis Settings -> More Settings" to "Off".


+---------------------------------------------------------------------------------------+
; Parameter Settings for User Entity Instance: Comp2ToBin:inst41|ULA:ulatobin|MUX:inst1 ;
+----------------+-------+--------------------------------------------------------------+
; Parameter Name ; Value ; Type                                                         ;
+----------------+-------+--------------------------------------------------------------+
; WIDTH          ; 2     ; Untyped                                                      ;
; WIDTHS         ; 1     ; Untyped                                                      ;
+----------------+-------+--------------------------------------------------------------+
Note: In order to hide this table in the UI and the text report file, please set the "Show Parameter Settings in Synthesis Report" option in "Analysis and Synthesis Settings -> More Settings" to "Off".


+-----------------------------------------------------------------+
; Parameter Settings for User Entity Instance: ULA:ULA|MUX:inst22 ;
+----------------+-------+----------------------------------------+
; Parameter Name ; Value ; Type                                   ;
+----------------+-------+----------------------------------------+
; WIDTH          ; 2     ; Untyped                                ;
; WIDTHS         ; 1     ; Untyped                                ;
+----------------+-------+----------------------------------------+
Note: In order to hide this table in the UI and the text report file, please set the "Show Parameter Settings in Synthesis Report" option in "Analysis and Synthesis Settings -> More Settings" to "Off".


+-----------------------------------------------------------------+
; Parameter Settings for User Entity Instance: ULA:ULA|MUX:inst20 ;
+----------------+-------+----------------------------------------+
; Parameter Name ; Value ; Type                                   ;
+----------------+-------+----------------------------------------+
; WIDTH          ; 2     ; Untyped                                ;
; WIDTHS         ; 1     ; Untyped                                ;
+----------------+-------+----------------------------------------+
Note: In order to hide this table in the UI and the text report file, please set the "Show Parameter Settings in Synthesis Report" option in "Analysis and Synthesis Settings -> More Settings" to "Off".


+-----------------------------------------------------------------+
; Parameter Settings for User Entity Instance: ULA:ULA|MUX:inst18 ;
+----------------+-------+----------------------------------------+
; Parameter Name ; Value ; Type                                   ;
+----------------+-------+----------------------------------------+
; WIDTH          ; 2     ; Untyped                                ;
; WIDTHS         ; 1     ; Untyped                                ;
+----------------+-------+----------------------------------------+
Note: In order to hide this table in the UI and the text report file, please set the "Show Parameter Settings in Synthesis Report" option in "Analysis and Synthesis Settings -> More Settings" to "Off".


+-----------------------------------------------------------------+
; Parameter Settings for User Entity Instance: ULA:ULA|MUX:inst16 ;
+----------------+-------+----------------------------------------+
; Parameter Name ; Value ; Type                                   ;
+----------------+-------+----------------------------------------+
; WIDTH          ; 2     ; Untyped                                ;
; WIDTHS         ; 1     ; Untyped                                ;
+----------------+-------+----------------------------------------+
Note: In order to hide this table in the UI and the text report file, please set the "Show Parameter Settings in Synthesis Report" option in "Analysis and Synthesis Settings -> More Settings" to "Off".


+-----------------------------------------------------------------+
; Parameter Settings for User Entity Instance: ULA:ULA|MUX:inst14 ;
+----------------+-------+----------------------------------------+
; Parameter Name ; Value ; Type                                   ;
+----------------+-------+----------------------------------------+
; WIDTH          ; 2     ; Untyped                                ;
; WIDTHS         ; 1     ; Untyped                                ;
+----------------+-------+----------------------------------------+
Note: In order to hide this table in the UI and the text report file, please set the "Show Parameter Settings in Synthesis Report" option in "Analysis and Synthesis Settings -> More Settings" to "Off".


+-----------------------------------------------------------------+
; Parameter Settings for User Entity Instance: ULA:ULA|MUX:inst12 ;
+----------------+-------+----------------------------------------+
; Parameter Name ; Value ; Type                                   ;
+----------------+-------+----------------------------------------+
; WIDTH          ; 2     ; Untyped                                ;
; WIDTHS         ; 1     ; Untyped                                ;
+----------------+-------+----------------------------------------+
Note: In order to hide this table in the UI and the text report file, please set the "Show Parameter Settings in Synthesis Report" option in "Analysis and Synthesis Settings -> More Settings" to "Off".


+-----------------------------------------------------------------+
; Parameter Settings for User Entity Instance: ULA:ULA|MUX:inst10 ;
+----------------+-------+----------------------------------------+
; Parameter Name ; Value ; Type                                   ;
+----------------+-------+----------------------------------------+
; WIDTH          ; 2     ; Untyped                                ;
; WIDTHS         ; 1     ; Untyped                                ;
+----------------+-------+----------------------------------------+
Note: In order to hide this table in the UI and the text report file, please set the "Show Parameter Settings in Synthesis Report" option in "Analysis and Synthesis Settings -> More Settings" to "Off".


+----------------------------------------------------------------+
; Parameter Settings for User Entity Instance: ULA:ULA|MUX:inst1 ;
+----------------+-------+---------------------------------------+
; Parameter Name ; Value ; Type                                  ;
+----------------+-------+---------------------------------------+
; WIDTH          ; 2     ; Untyped                               ;
; WIDTHS         ; 1     ; Untyped                               ;
+----------------+-------+---------------------------------------+
Note: In order to hide this table in the UI and the text report file, please set the "Show Parameter Settings in Synthesis Report" option in "Analysis and Synthesis Settings -> More Settings" to "Off".


+------------------------------------------------------------------------+
; Port Connectivity Checks: "teclado:inst16|controlador:U0|Debouncer:d3" ;
+--------+--------+----------+-------------------------------------------+
; Port   ; Type   ; Severity ; Details                                   ;
+--------+--------+----------+-------------------------------------------+
; oPulse ; Output ; Info     ; Explicitly unconnected                    ;
+--------+--------+----------+-------------------------------------------+


+------------------------------------------------------------------------+
; Port Connectivity Checks: "teclado:inst16|controlador:U0|Debouncer:d2" ;
+--------+--------+----------+-------------------------------------------+
; Port   ; Type   ; Severity ; Details                                   ;
+--------+--------+----------+-------------------------------------------+
; oPulse ; Output ; Info     ; Explicitly unconnected                    ;
+--------+--------+----------+-------------------------------------------+


+------------------------------------------------------------------------+
; Port Connectivity Checks: "teclado:inst16|controlador:U0|Debouncer:d1" ;
+--------+--------+----------+-------------------------------------------+
; Port   ; Type   ; Severity ; Details                                   ;
+--------+--------+----------+-------------------------------------------+
; oPulse ; Output ; Info     ; Explicitly unconnected                    ;
+--------+--------+----------+-------------------------------------------+


+------------------------------------------------------------------------+
; Port Connectivity Checks: "teclado:inst16|controlador:U0|Debouncer:d0" ;
+--------+--------+----------+-------------------------------------------+
; Port   ; Type   ; Severity ; Details                                   ;
+--------+--------+----------+-------------------------------------------+
; oPulse ; Output ; Info     ; Explicitly unconnected                    ;
+--------+--------+----------+-------------------------------------------+


+-------------------------------+
; Analysis & Synthesis Messages ;
+-------------------------------+
Info: *******************************************************************
Info: Running Quartus II 64-Bit Analysis & Synthesis
    Info: Version 13.0.1 Build 232 06/12/2013 Service Pack 1 SJ Web Edition
    Info: Processing started: Thu Dec 06 10:46:45 2018
Info: Command: quartus_map --read_settings_files=on --write_settings_files=off Calculadora -c Calculadora
Warning (20028): Parallel compilation is not licensed and has been disabled
Info (12021): Found 1 design units, including 1 entities, in source file saidas.v
    Info (12023): Found entity 1: Saidas
Info (12021): Found 1 design units, including 1 entities, in source file top.bdf
    Info (12023): Found entity 1: top
Info (12021): Found 3 design units, including 3 entities, in source file teclado.v
    Info (12023): Found entity 1: teclado
    Info (12023): Found entity 2: controlador
    Info (12023): Found entity 3: Debouncer
Info (12021): Found 1 design units, including 1 entities, in source file decoder7.v
    Info (12023): Found entity 1: decoder7
Info (12021): Found 1 design units, including 1 entities, in source file fulladder.v
    Info (12023): Found entity 1: fullAdder
Info (12021): Found 1 design units, including 1 entities, in source file ula.bdf
    Info (12023): Found entity 1: ULA
Info (12021): Found 1 design units, including 1 entities, in source file reg8bit.bdf
    Info (12023): Found entity 1: Reg8bit
Info (12021): Found 1 design units, including 1 entities, in source file calculadore.bdf
    Info (12023): Found entity 1: Calculadore
Info (12021): Found 1 design units, including 1 entities, in source file coder7.v
    Info (12023): Found entity 1: coder7
Info (12021): Found 1 design units, including 1 entities, in source file reg4bit.bdf
    Info (12023): Found entity 1: Reg4bit
Info (12021): Found 1 design units, including 1 entities, in source file maquinadeestados.bdf
    Info (12023): Found entity 1: MaquinaDeEstados
Info (12021): Found 1 design units, including 1 entities, in source file controle.v
    Info (12023): Found entity 1: controle
Info (12021): Found 1 design units, including 1 entities, in source file mux2.v
    Info (12023): Found entity 1: mux2
Info (12021): Found 1 design units, including 1 entities, in source file mux4.v
    Info (12023): Found entity 1: mux4
Info (12021): Found 1 design units, including 1 entities, in source file bintobcd.bdf
    Info (12023): Found entity 1: BinToBCD
Info (12021): Found 1 design units, including 1 entities, in source file comp2tobin.bdf
    Info (12023): Found entity 1: Comp2ToBin
Info (12127): Elaborating entity "Calculadore" for the top level hierarchy
Warning (275011): Block or symbol "OR2" of instance "inst18" overlaps another block or symbol
Warning (275080): Converted elements in bus name "in" using legacy naming rules. Make any assignments on the new names, not on the original names.
    Warning (275081): Converted element name(s) from "in[5..0]" to "in5..0"
    Warning (275081): Converted element name(s) from "in[0]" to "in0"
    Warning (275081): Converted element name(s) from "in[1]" to "in1"
    Warning (275081): Converted element name(s) from "in[2]" to "in2"
    Warning (275081): Converted element name(s) from "in[3]" to "in3"
    Warning (275081): Converted element name(s) from "in[4]" to "in4"
    Warning (275081): Converted element name(s) from "in[5]" to "in5"
Warning (275080): Converted elements in bus name "IN0" using legacy naming rules. Make any assignments on the new names, not on the original names.
    Warning (275081): Converted element name(s) from "IN0[0]" to "IN00"
    Warning (275081): Converted element name(s) from "IN0[1..0]" to "IN01..0"
    Warning (275081): Converted element name(s) from "IN0[0]" to "IN00"
    Warning (275081): Converted element name(s) from "IN0[1..0]" to "IN01..0"
    Warning (275081): Converted element name(s) from "IN0[1]" to "IN01"
    Warning (275081): Converted element name(s) from "IN0[1]" to "IN01"
    Warning (275081): Converted element name(s) from "IN0[1]" to "IN01"
    Warning (275081): Converted element name(s) from "IN0[1]" to "IN01"
Warning (275080): Converted elements in bus name "IN1" using legacy naming rules. Make any assignments on the new names, not on the original names.
    Warning (275081): Converted element name(s) from "IN1[0]" to "IN10"
    Warning (275081): Converted element name(s) from "IN1[1..0]" to "IN11..0"
    Warning (275081): Converted element name(s) from "IN1[0]" to "IN10"
    Warning (275081): Converted element name(s) from "IN1[1..0]" to "IN11..0"
    Warning (275081): Converted element name(s) from "IN1[1]" to "IN11"
    Warning (275081): Converted element name(s) from "IN1[1]" to "IN11"
    Warning (275081): Converted element name(s) from "IN1[1]" to "IN11"
    Warning (275081): Converted element name(s) from "IN1[1]" to "IN11"
Warning (275080): Converted elements in bus name "IN2" using legacy naming rules. Make any assignments on the new names, not on the original names.
    Warning (275081): Converted element name(s) from "IN2[0]" to "IN20"
    Warning (275081): Converted element name(s) from "IN2[1..0]" to "IN21..0"
    Warning (275081): Converted element name(s) from "IN2[0]" to "IN20"
    Warning (275081): Converted element name(s) from "IN2[1..0]" to "IN21..0"
    Warning (275081): Converted element name(s) from "IN2[1]" to "IN21"
    Warning (275081): Converted element name(s) from "IN2[1]" to "IN21"
    Warning (275081): Converted element name(s) from "IN2[1]" to "IN21"
    Warning (275081): Converted element name(s) from "IN2[1]" to "IN21"
Warning (275080): Converted elements in bus name "IN3" using legacy naming rules. Make any assignments on the new names, not on the original names.
    Warning (275081): Converted element name(s) from "IN3[1..0]" to "IN31..0"
    Warning (275081): Converted element name(s) from "IN3[0]" to "IN30"
    Warning (275081): Converted element name(s) from "IN3[1..0]" to "IN31..0"
    Warning (275081): Converted element name(s) from "IN3[0]" to "IN30"
    Warning (275081): Converted element name(s) from "IN3[1]" to "IN31"
    Warning (275081): Converted element name(s) from "IN3[1]" to "IN31"
    Warning (275081): Converted element name(s) from "IN3[1]" to "IN31"
    Warning (275081): Converted element name(s) from "IN3[1]" to "IN31"
Warning (275080): Converted elements in bus name "IN4" using legacy naming rules. Make any assignments on the new names, not on the original names.
    Warning (275081): Converted element name(s) from "IN4[0]" to "IN40"
    Warning (275081): Converted element name(s) from "IN4[1..0]" to "IN41..0"
    Warning (275081): Converted element name(s) from "IN4[1]" to "IN41"
    Warning (275081): Converted element name(s) from "IN4[0]" to "IN40"
    Warning (275081): Converted element name(s) from "IN4[1..0]" to "IN41..0"
Warning (275080): Converted elements in bus name "IN5" using legacy naming rules. Make any assignments on the new names, not on the original names.
    Warning (275081): Converted element name(s) from "IN5[1]" to "IN51"
    Warning (275081): Converted element name(s) from "IN5[0]" to "IN50"
    Warning (275081): Converted element name(s) from "IN5[1..0]" to "IN51..0"
    Warning (275081): Converted element name(s) from "IN5[1..0]" to "IN51..0"
    Warning (275081): Converted element name(s) from "IN5[0]" to "IN50"
Info (12128): Elaborating entity "teclado" for hierarchy "teclado:inst16"
Info (12128): Elaborating entity "controlador" for hierarchy "teclado:inst16|controlador:U0"
Info (12128): Elaborating entity "Debouncer" for hierarchy "teclado:inst16|controlador:U0|Debouncer:d0"
Info (12128): Elaborating entity "decoder7" for hierarchy "decoder7:inst9"
Info (12128): Elaborating entity "BinToBCD" for hierarchy "BinToBCD:inst32"
Warning (275011): Block or symbol "74185" of instance "inst" overlaps another block or symbol
Warning (275011): Block or symbol "74185" of instance "inst2" overlaps another block or symbol
Info (12128): Elaborating entity "74185" for hierarchy "BinToBCD:inst32|74185:inst1"
Info (12130): Elaborated megafunction instantiation "BinToBCD:inst32|74185:inst1"
Info (12128): Elaborating entity "Comp2ToBin" for hierarchy "Comp2ToBin:inst41"
Info (12128): Elaborating entity "ULA" for hierarchy "Comp2ToBin:inst41|ULA:ulatobin"
Warning (275083): Bus "B2[1..0]" found using same base name as "B", which might lead to a name conflict.
Warning (275083): Bus "B2[0]" found using same base name as "B", which might lead to a name conflict.
Warning (275083): Bus "B2[1]" found using same base name as "B", which might lead to a name conflict.
Warning (275083): Bus "B3[0]" found using same base name as "B", which might lead to a name conflict.
Warning (275083): Bus "B3[1]" found using same base name as "B", which might lead to a name conflict.
Warning (275083): Bus "B3[1..0]" found using same base name as "B", which might lead to a name conflict.
Warning (275083): Bus "B4[1..0]" found using same base name as "B", which might lead to a name conflict.
Warning (275083): Bus "B4[0]" found using same base name as "B", which might lead to a name conflict.
Warning (275083): Bus "B4[1]" found using same base name as "B", which might lead to a name conflict.
Warning (275083): Bus "B5[1]" found using same base name as "B", which might lead to a name conflict.
Warning (275083): Bus "B5[0]" found using same base name as "B", which might lead to a name conflict.
Warning (275083): Bus "B5[1..0]" found using same base name as "B", which might lead to a name conflict.
Warning (275083): Bus "B6[1..0]" found using same base name as "B", which might lead to a name conflict.
Warning (275083): Bus "B6[0]" found using same base name as "B", which might lead to a name conflict.
Warning (275083): Bus "B6[1]" found using same base name as "B", which might lead to a name conflict.
Warning (275083): Bus "B7[1..0]" found using same base name as "B", which might lead to a name conflict.
Warning (275083): Bus "B7[0]" found using same base name as "B", which might lead to a name conflict.
Warning (275083): Bus "B7[1]" found using same base name as "B", which might lead to a name conflict.
Warning (275083): Bus "B1[0]" found using same base name as "B", which might lead to a name conflict.
Warning (275083): Bus "B1[1]" found using same base name as "B", which might lead to a name conflict.
Warning (275083): Bus "B1[1..0]" found using same base name as "B", which might lead to a name conflict.
Warning (275083): Bus "B0[0]" found using same base name as "B", which might lead to a name conflict.
Warning (275083): Bus "B0[1]" found using same base name as "B", which might lead to a name conflict.
Warning (275083): Bus "B0[1..0]" found using same base name as "B", which might lead to a name conflict.
Warning (275080): Converted elements in bus name "B" using legacy naming rules. Make any assignments on the new names, not on the original names.
    Warning (275081): Converted element name(s) from "B[0]" to "B0"
    Warning (275081): Converted element name(s) from "B[1]" to "B1"
    Warning (275081): Converted element name(s) from "B[2]" to "B2"
    Warning (275081): Converted element name(s) from "B[3]" to "B3"
    Warning (275081): Converted element name(s) from "B[5]" to "B5"
    Warning (275081): Converted element name(s) from "B[6]" to "B6"
    Warning (275081): Converted element name(s) from "B[7]" to "B7"
    Warning (275081): Converted element name(s) from "B[4]" to "B4"
Warning (275080): Converted elements in bus name "B0" using legacy naming rules. Make any assignments on the new names, not on the original names.
    Warning (275081): Converted element name(s) from "B0[0]" to "B00"
    Warning (275081): Converted element name(s) from "B0[1]" to "B01"
    Warning (275081): Converted element name(s) from "B0[1..0]" to "B01..0"
Warning (275080): Converted elements in bus name "B1" using legacy naming rules. Make any assignments on the new names, not on the original names.
    Warning (275081): Converted element name(s) from "B1[0]" to "B10"
    Warning (275081): Converted element name(s) from "B1[1]" to "B11"
    Warning (275081): Converted element name(s) from "B1[1..0]" to "B11..0"
Warning (275080): Converted elements in bus name "B2" using legacy naming rules. Make any assignments on the new names, not on the original names.
    Warning (275081): Converted element name(s) from "B2[1..0]" to "B21..0"
    Warning (275081): Converted element name(s) from "B2[0]" to "B20"
    Warning (275081): Converted element name(s) from "B2[1]" to "B21"
Warning (275080): Converted elements in bus name "B3" using legacy naming rules. Make any assignments on the new names, not on the original names.
    Warning (275081): Converted element name(s) from "B3[0]" to "B30"
    Warning (275081): Converted element name(s) from "B3[1]" to "B31"
    Warning (275081): Converted element name(s) from "B3[1..0]" to "B31..0"
Warning (275080): Converted elements in bus name "B4" using legacy naming rules. Make any assignments on the new names, not on the original names.
    Warning (275081): Converted element name(s) from "B4[1..0]" to "B41..0"
    Warning (275081): Converted element name(s) from "B4[0]" to "B40"
    Warning (275081): Converted element name(s) from "B4[1]" to "B41"
Warning (275080): Converted elements in bus name "B5" using legacy naming rules. Make any assignments on the new names, not on the original names.
    Warning (275081): Converted element name(s) from "B5[1]" to "B51"
    Warning (275081): Converted element name(s) from "B5[0]" to "B50"
    Warning (275081): Converted element name(s) from "B5[1..0]" to "B51..0"
Warning (275080): Converted elements in bus name "B6" using legacy naming rules. Make any assignments on the new names, not on the original names.
    Warning (275081): Converted element name(s) from "B6[1..0]" to "B61..0"
    Warning (275081): Converted element name(s) from "B6[0]" to "B60"
    Warning (275081): Converted element name(s) from "B6[1]" to "B61"
Warning (275080): Converted elements in bus name "B7" using legacy naming rules. Make any assignments on the new names, not on the original names.
    Warning (275081): Converted element name(s) from "B7[1..0]" to "B71..0"
    Warning (275081): Converted element name(s) from "B7[0]" to "B70"
    Warning (275081): Converted element name(s) from "B7[1]" to "B71"
Info (12128): Elaborating entity "fullAdder" for hierarchy "Comp2ToBin:inst41|ULA:ulatobin|fullAdder:inst8"
Info (12128): Elaborating entity "MUX" for hierarchy "Comp2ToBin:inst41|ULA:ulatobin|MUX:inst22"
Info (12130): Elaborated megafunction instantiation "Comp2ToBin:inst41|ULA:ulatobin|MUX:inst22"
Info (12133): Instantiated megafunction "Comp2ToBin:inst41|ULA:ulatobin|MUX:inst22" with the following parameter:
    Info (12134): Parameter "WIDTH" = "2"
    Info (12134): Parameter "WIDTHS" = "1"
Info (12128): Elaborating entity "lpm_mux" for hierarchy "Comp2ToBin:inst41|ULA:ulatobin|MUX:inst22|lpm_mux:$00001"
Info (12131): Elaborated megafunction instantiation "Comp2ToBin:inst41|ULA:ulatobin|MUX:inst22|lpm_mux:$00001", which is child of megafunction instantiation "Comp2ToBin:inst41|ULA:ulatobin|MUX:inst22"
Info (12021): Found 1 design units, including 1 entities, in source file db/mux_lmc.tdf
    Info (12023): Found entity 1: mux_lmc
Info (12128): Elaborating entity "mux_lmc" for hierarchy "Comp2ToBin:inst41|ULA:ulatobin|MUX:inst22|lpm_mux:$00001|mux_lmc:auto_generated"
Info (12128): Elaborating entity "Reg8bit" for hierarchy "Reg8bit:REGR"
Info (12128): Elaborating entity "Saidas" for hierarchy "Saidas:inst38"
Info (12128): Elaborating entity "MaquinaDeEstados" for hierarchy "MaquinaDeEstados:inst12"
Info (12128): Elaborating entity "controle" for hierarchy "MaquinaDeEstados:inst12|controle:inst"
Warning (10935): Verilog HDL Casex/Casez warning at controle.v(22): casex/casez item expression overlaps with a previous casex/casez item expression
Warning (10935): Verilog HDL Casex/Casez warning at controle.v(23): casex/casez item expression overlaps with a previous casex/casez item expression
Info (12128): Elaborating entity "mux2" for hierarchy "mux2:MUX27"
Info (12128): Elaborating entity "mux4" for hierarchy "mux4:MUX7"
Info (12128): Elaborating entity "Reg4bit" for hierarchy "Reg4bit:REGDA5"
Error (12009): Node "Op" is missing source
Error: Quartus II 64-Bit Analysis & Synthesis was unsuccessful. 1 error, 127 warnings
    Error: Peak virtual memory: 4600 megabytes
    Error: Processing ended: Thu Dec 06 10:46:57 2018
    Error: Elapsed time: 00:00:12
    Error: Total CPU time (on all processors): 00:00:04


